[    2234ms] [WARNING] Deprecation warning: use moment.updateLocale(localeName, config) to change an existing locale. moment.defineLocale(localeName, config) should only be used for creating a new locale See http://momentjs.com/guides/#/warnings/define-locale/ for more info. @ https://static.tradingview.com/static/bundles/81868.e8d7418158aa18f0df0f.js:8
[    2527ms] [WARNING] 2026-04-19T11:57:45.214Z:Property:The state with a data type: array does not match a schema @ https://static.tradingview.com/static/bundles/80058.6d3764c8a70528a7f783.js:13
[    3562ms] [WARNING] [GSI_LOGGER]: Your client application uses one of the Google One Tap prompt UI status methods that may stop functioning when FedCM becomes mandatory. Refer to the migration guide to update your code accordingly and opt-in to FedCM to test your changes. Learn more: https://developers.google.com/identity/gsi/web/guides/fedcm-migration?s=dc#display_moment and https://developers.google.com/identity/gsi/web/guides/fedcm-migration?s=dc#skipped_moment @ https://accounts.google.com/gsi/client:84
[    3566ms] [ERROR] Not signed in with the identity provider. @ https://www.tradingview.com/script/DfRILamr-10-SMA-21-EMA-Dotted/:0
[    3568ms] [WARNING] <meta name="apple-mobile-web-app-capable" content="yes"> is deprecated. Please include <meta name="mobile-web-app-capable" content="yes"> @ https://www.tradingview.com/script/DfRILamr-10-SMA-21-EMA-Dotted/:0
[    5289ms] [ERROR] [GSI_LOGGER]: FedCM get() rejects with NetworkError: Error retrieving a token. @ https://accounts.google.com/gsi/client:85
[   56380ms] [ERROR] 2026-04-19T11:58:39.067Z:Fetch:POST https://telemetry.tradingview.com/free/report. TypeError: Failed to fetch @ https://static.tradingview.com/static/bundles/80058.6d3764c8a70528a7f783.js:13
[   56380ms] [ERROR] 2026-04-19T11:58:39.068Z:Fetch:POST https://telemetry.tradingview.com/pine/report. TypeError: Failed to fetch @ https://static.tradingview.com/static/bundles/80058.6d3764c8a70528a7f783.js:13
[   56767ms] [WARNING] Deprecation warning: use moment.updateLocale(localeName, config) to change an existing locale. moment.defineLocale(localeName, config) should only be used for creating a new locale See http://momentjs.com/guides/#/warnings/define-locale/ for more info. @ https://static.tradingview.com/static/bundles/81868.e8d7418158aa18f0df0f.js:8
[   56932ms] [WARNING] 2026-04-19T11:58:39.619Z:Property:The state with a data type: array does not match a schema @ https://static.tradingview.com/static/bundles/80058.6d3764c8a70528a7f783.js:13
[   57652ms] [WARNING] [GSI_LOGGER]: Your client application uses one of the Google One Tap prompt UI status methods that may stop functioning when FedCM becomes mandatory. Refer to the migration guide to update your code accordingly and opt-in to FedCM to test your changes. Learn more: https://developers.google.com/identity/gsi/web/guides/fedcm-migration?s=dc#display_moment and https://developers.google.com/identity/gsi/web/guides/fedcm-migration?s=dc#skipped_moment @ https://accounts.google.com/gsi/client:84
[   57670ms] [ERROR] Not signed in with the identity provider. @ https://www.tradingview.com/script/DfRILamr-10-SMA-21-EMA-Dotted/:0
[   57670ms] [WARNING] <meta name="apple-mobile-web-app-capable" content="yes"> is deprecated. Please include <meta name="mobile-web-app-capable" content="yes"> @ https://www.tradingview.com/script/DfRILamr-10-SMA-21-EMA-Dotted/:0
[   60946ms] [WARNING] Deprecation warning: use moment.updateLocale(localeName, config) to change an existing locale. moment.defineLocale(localeName, config) should only be used for creating a new locale See http://momentjs.com/guides/#/warnings/define-locale/ for more info. @ https://static.tradingview.com/static/bundles/81868.e8d7418158aa18f0df0f.js:8
[   61797ms] [WARNING] [GSI_LOGGER]: Your client application uses one of the Google One Tap prompt UI status methods that may stop functioning when FedCM becomes mandatory. Refer to the migration guide to update your code accordingly and opt-in to FedCM to test your changes. Learn more: https://developers.google.com/identity/gsi/web/guides/fedcm-migration?s=dc#display_moment and https://developers.google.com/identity/gsi/web/guides/fedcm-migration?s=dc#skipped_moment @ https://accounts.google.com/gsi/client:84
[   61799ms] [ERROR] Not signed in with the identity provider. @ https://www.tradingview.com/script/Dfxi84jv-Pivot-High-Low-HH-LL/:0
[   61799ms] [WARNING] <meta name="apple-mobile-web-app-capable" content="yes"> is deprecated. Please include <meta name="mobile-web-app-capable" content="yes"> @ https://www.tradingview.com/script/Dfxi84jv-Pivot-High-Low-HH-LL/:0
[   65575ms] [WARNING] Deprecation warning: use moment.updateLocale(localeName, config) to change an existing locale. moment.defineLocale(localeName, config) should only be used for creating a new locale See http://momentjs.com/guides/#/warnings/define-locale/ for more info. @ https://static.tradingview.com/static/bundles/81868.e8d7418158aa18f0df0f.js:8
[   66293ms] [WARNING] [GSI_LOGGER]: Your client application uses one of the Google One Tap prompt UI status methods that may stop functioning when FedCM becomes mandatory. Refer to the migration guide to update your code accordingly and opt-in to FedCM to test your changes. Learn more: https://developers.google.com/identity/gsi/web/guides/fedcm-migration?s=dc#display_moment and https://developers.google.com/identity/gsi/web/guides/fedcm-migration?s=dc#skipped_moment @ https://accounts.google.com/gsi/client:84
[   66309ms] [ERROR] Not signed in with the identity provider. @ https://www.tradingview.com/script/Dgqhj6CT-Custom-Fractals/:0
[   66309ms] [WARNING] <meta name="apple-mobile-web-app-capable" content="yes"> is deprecated. Please include <meta name="mobile-web-app-capable" content="yes"> @ https://www.tradingview.com/script/Dgqhj6CT-Custom-Fractals/:0
[   70541ms] [WARNING] Deprecation warning: use moment.updateLocale(localeName, config) to change an existing locale. moment.defineLocale(localeName, config) should only be used for creating a new locale See http://momentjs.com/guides/#/warnings/define-locale/ for more info. @ https://static.tradingview.com/static/bundles/81868.e8d7418158aa18f0df0f.js:8
[   71190ms] [WARNING] [GSI_LOGGER]: Your client application uses one of the Google One Tap prompt UI status methods that may stop functioning when FedCM becomes mandatory. Refer to the migration guide to update your code accordingly and opt-in to FedCM to test your changes. Learn more: https://developers.google.com/identity/gsi/web/guides/fedcm-migration?s=dc#display_moment and https://developers.google.com/identity/gsi/web/guides/fedcm-migration?s=dc#skipped_moment @ https://accounts.google.com/gsi/client:84
[   71203ms] [ERROR] Not signed in with the identity provider. @ https://www.tradingview.com/script/DiHus8a3-Trend-Analysis-Dashboard-YPro/:0
[   71203ms] [WARNING] <meta name="apple-mobile-web-app-capable" content="yes"> is deprecated. Please include <meta name="mobile-web-app-capable" content="yes"> @ https://www.tradingview.com/script/DiHus8a3-Trend-Analysis-Dashboard-YPro/:0
[   74700ms] [WARNING] Deprecation warning: use moment.updateLocale(localeName, config) to change an existing locale. moment.defineLocale(localeName, config) should only be used for creating a new locale See http://momentjs.com/guides/#/warnings/define-locale/ for more info. @ https://static.tradingview.com/static/bundles/81868.e8d7418158aa18f0df0f.js:8
[   74825ms] [WARNING] 2026-04-19T11:58:57.512Z:Property:The state with a data type: array does not match a schema @ https://static.tradingview.com/static/bundles/80058.6d3764c8a70528a7f783.js:13
[   75228ms] [WARNING] [GSI_LOGGER]: Your client application uses one of the Google One Tap prompt UI status methods that may stop functioning when FedCM becomes mandatory. Refer to the migration guide to update your code accordingly and opt-in to FedCM to test your changes. Learn more: https://developers.google.com/identity/gsi/web/guides/fedcm-migration?s=dc#display_moment and https://developers.google.com/identity/gsi/web/guides/fedcm-migration?s=dc#skipped_moment @ https://accounts.google.com/gsi/client:84
[   75230ms] [ERROR] Not signed in with the identity provider. @ https://www.tradingview.com/script/DmBG9zK5/:0
[   75230ms] [WARNING] <meta name="apple-mobile-web-app-capable" content="yes"> is deprecated. Please include <meta name="mobile-web-app-capable" content="yes"> @ https://www.tradingview.com/script/DmBG9zK5/:0
[   77972ms] [ERROR] [GSI_LOGGER]: FedCM get() rejects with NetworkError: Error retrieving a token. @ https://accounts.google.com/gsi/client:85
[   79371ms] [WARNING] Deprecation warning: use moment.updateLocale(localeName, config) to change an existing locale. moment.defineLocale(localeName, config) should only be used for creating a new locale See http://momentjs.com/guides/#/warnings/define-locale/ for more info. @ https://static.tradingview.com/static/bundles/81868.e8d7418158aa18f0df0f.js:8
[   79810ms] [WARNING] [GSI_LOGGER]: Your client application uses one of the Google One Tap prompt UI status methods that may stop functioning when FedCM becomes mandatory. Refer to the migration guide to update your code accordingly and opt-in to FedCM to test your changes. Learn more: https://developers.google.com/identity/gsi/web/guides/fedcm-migration?s=dc#display_moment and https://developers.google.com/identity/gsi/web/guides/fedcm-migration?s=dc#skipped_moment @ https://accounts.google.com/gsi/client:84
[   79829ms] [ERROR] Not signed in with the identity provider. @ https://www.tradingview.com/script/DrpqDrNv/:0
[   79829ms] [WARNING] <meta name="apple-mobile-web-app-capable" content="yes"> is deprecated. Please include <meta name="mobile-web-app-capable" content="yes"> @ https://www.tradingview.com/script/DrpqDrNv/:0
[   81643ms] [ERROR] [GSI_LOGGER]: FedCM get() rejects with NetworkError: Error retrieving a token. @ https://accounts.google.com/gsi/client:85
[   83459ms] [WARNING] Deprecation warning: use moment.updateLocale(localeName, config) to change an existing locale. moment.defineLocale(localeName, config) should only be used for creating a new locale See http://momentjs.com/guides/#/warnings/define-locale/ for more info. @ https://static.tradingview.com/static/bundles/81868.e8d7418158aa18f0df0f.js:8
[   83919ms] [WARNING] [GSI_LOGGER]: Your client application uses one of the Google One Tap prompt UI status methods that may stop functioning when FedCM becomes mandatory. Refer to the migration guide to update your code accordingly and opt-in to FedCM to test your changes. Learn more: https://developers.google.com/identity/gsi/web/guides/fedcm-migration?s=dc#display_moment and https://developers.google.com/identity/gsi/web/guides/fedcm-migration?s=dc#skipped_moment @ https://accounts.google.com/gsi/client:84
[   83936ms] [ERROR] Not signed in with the identity provider. @ https://www.tradingview.com/script/DtJ18oNx-Swing-to-Swing-Move-Analyzer/:0
[   83936ms] [WARNING] <meta name="apple-mobile-web-app-capable" content="yes"> is deprecated. Please include <meta name="mobile-web-app-capable" content="yes"> @ https://www.tradingview.com/script/DtJ18oNx-Swing-to-Swing-Move-Analyzer/:0
[   87610ms] [WARNING] Deprecation warning: use moment.updateLocale(localeName, config) to change an existing locale. moment.defineLocale(localeName, config) should only be used for creating a new locale See http://momentjs.com/guides/#/warnings/define-locale/ for more info. @ https://static.tradingview.com/static/bundles/81868.e8d7418158aa18f0df0f.js:8
[   88075ms] [WARNING] [GSI_LOGGER]: Your client application uses one of the Google One Tap prompt UI status methods that may stop functioning when FedCM becomes mandatory. Refer to the migration guide to update your code accordingly and opt-in to FedCM to test your changes. Learn more: https://developers.google.com/identity/gsi/web/guides/fedcm-migration?s=dc#display_moment and https://developers.google.com/identity/gsi/web/guides/fedcm-migration?s=dc#skipped_moment @ https://accounts.google.com/gsi/client:84
[   88090ms] [ERROR] Not signed in with the identity provider. @ https://www.tradingview.com/script/E9mJ40SZ-OBV-Bollinger-Bands-Reversal-Signal-EMA-Cross/:0
[   88090ms] [WARNING] <meta name="apple-mobile-web-app-capable" content="yes"> is deprecated. Please include <meta name="mobile-web-app-capable" content="yes"> @ https://www.tradingview.com/script/E9mJ40SZ-OBV-Bollinger-Bands-Reversal-Signal-EMA-Cross/:0
[   91984ms] [WARNING] Deprecation warning: use moment.updateLocale(localeName, config) to change an existing locale. moment.defineLocale(localeName, config) should only be used for creating a new locale See http://momentjs.com/guides/#/warnings/define-locale/ for more info. @ https://static.tradingview.com/static/bundles/81868.e8d7418158aa18f0df0f.js:8
[   92427ms] [WARNING] [GSI_LOGGER]: Your client application uses one of the Google One Tap prompt UI status methods that may stop functioning when FedCM becomes mandatory. Refer to the migration guide to update your code accordingly and opt-in to FedCM to test your changes. Learn more: https://developers.google.com/identity/gsi/web/guides/fedcm-migration?s=dc#display_moment and https://developers.google.com/identity/gsi/web/guides/fedcm-migration?s=dc#skipped_moment @ https://accounts.google.com/gsi/client:84
[   92442ms] [ERROR] Not signed in with the identity provider. @ https://www.tradingview.com/script/EF6wUbmQ-Key-Intraday-Levels/:0
[   92442ms] [WARNING] <meta name="apple-mobile-web-app-capable" content="yes"> is deprecated. Please include <meta name="mobile-web-app-capable" content="yes"> @ https://www.tradingview.com/script/EF6wUbmQ-Key-Intraday-Levels/:0
[   96620ms] [WARNING] Deprecation warning: use moment.updateLocale(localeName, config) to change an existing locale. moment.defineLocale(localeName, config) should only be used for creating a new locale See http://momentjs.com/guides/#/warnings/define-locale/ for more info. @ https://static.tradingview.com/static/bundles/81868.e8d7418158aa18f0df0f.js:8
[   97073ms] [WARNING] [GSI_LOGGER]: Your client application uses one of the Google One Tap prompt UI status methods that may stop functioning when FedCM becomes mandatory. Refer to the migration guide to update your code accordingly and opt-in to FedCM to test your changes. Learn more: https://developers.google.com/identity/gsi/web/guides/fedcm-migration?s=dc#display_moment and https://developers.google.com/identity/gsi/web/guides/fedcm-migration?s=dc#skipped_moment @ https://accounts.google.com/gsi/client:84
[   97074ms] [ERROR] Not signed in with the identity provider. @ https://www.tradingview.com/script/EHhyqcML-Iteratively-Reweighted-Least-Squares-IRLS-Jamallo/:0
[   97074ms] [WARNING] <meta name="apple-mobile-web-app-capable" content="yes"> is deprecated. Please include <meta name="mobile-web-app-capable" content="yes"> @ https://www.tradingview.com/script/EHhyqcML-Iteratively-Reweighted-Least-Squares-IRLS-Jamallo/:0
[  127277ms] [ERROR] 2026-04-19T11:59:49.965Z:Fetch:POST https://telemetry.tradingview.com/free/report. TypeError: Failed to fetch @ https://static.tradingview.com/static/bundles/80058.6d3764c8a70528a7f783.js:13
[  127278ms] [ERROR] 2026-04-19T11:59:49.965Z:Fetch:POST https://telemetry.tradingview.com/pine/report. TypeError: Failed to fetch @ https://static.tradingview.com/static/bundles/80058.6d3764c8a70528a7f783.js:13
[  129034ms] [WARNING] Deprecation warning: use moment.updateLocale(localeName, config) to change an existing locale. moment.defineLocale(localeName, config) should only be used for creating a new locale See http://momentjs.com/guides/#/warnings/define-locale/ for more info. @ https://static.tradingview.com/static/bundles/81868.e8d7418158aa18f0df0f.js:8
[  129804ms] [WARNING] [GSI_LOGGER]: Your client application uses one of the Google One Tap prompt UI status methods that may stop functioning when FedCM becomes mandatory. Refer to the migration guide to update your code accordingly and opt-in to FedCM to test your changes. Learn more: https://developers.google.com/identity/gsi/web/guides/fedcm-migration?s=dc#display_moment and https://developers.google.com/identity/gsi/web/guides/fedcm-migration?s=dc#skipped_moment @ https://accounts.google.com/gsi/client:84
[  129806ms] [ERROR] Not signed in with the identity provider. @ https://www.tradingview.com/script/ETH7ssuN-Multi-Session-Highlighter-PRO/:0
[  129807ms] [WARNING] <meta name="apple-mobile-web-app-capable" content="yes"> is deprecated. Please include <meta name="mobile-web-app-capable" content="yes"> @ https://www.tradingview.com/script/ETH7ssuN-Multi-Session-Highlighter-PRO/:0
[  133244ms] [WARNING] Deprecation warning: use moment.updateLocale(localeName, config) to change an existing locale. moment.defineLocale(localeName, config) should only be used for creating a new locale See http://momentjs.com/guides/#/warnings/define-locale/ for more info. @ https://static.tradingview.com/static/bundles/81868.e8d7418158aa18f0df0f.js:8
[  134321ms] [WARNING] [GSI_LOGGER]: Your client application uses one of the Google One Tap prompt UI status methods that may stop functioning when FedCM becomes mandatory. Refer to the migration guide to update your code accordingly and opt-in to FedCM to test your changes. Learn more: https://developers.google.com/identity/gsi/web/guides/fedcm-migration?s=dc#display_moment and https://developers.google.com/identity/gsi/web/guides/fedcm-migration?s=dc#skipped_moment @ https://accounts.google.com/gsi/client:84
[  134322ms] [ERROR] Not signed in with the identity provider. @ https://www.tradingview.com/script/EdQ3xzvZ-retardwicks/:0
[  134322ms] [WARNING] <meta name="apple-mobile-web-app-capable" content="yes"> is deprecated. Please include <meta name="mobile-web-app-capable" content="yes"> @ https://www.tradingview.com/script/EdQ3xzvZ-retardwicks/:0
[  137373ms] [WARNING] Deprecation warning: use moment.updateLocale(localeName, config) to change an existing locale. moment.defineLocale(localeName, config) should only be used for creating a new locale See http://momentjs.com/guides/#/warnings/define-locale/ for more info. @ https://static.tradingview.com/static/bundles/81868.e8d7418158aa18f0df0f.js:8
[  137549ms] [WARNING] 2026-04-19T12:00:00.237Z:Property:The state with a data type: array does not match a schema @ https://static.tradingview.com/static/bundles/80058.6d3764c8a70528a7f783.js:13
[  137912ms] [WARNING] [GSI_LOGGER]: Your client application uses one of the Google One Tap prompt UI status methods that may stop functioning when FedCM becomes mandatory. Refer to the migration guide to update your code accordingly and opt-in to FedCM to test your changes. Learn more: https://developers.google.com/identity/gsi/web/guides/fedcm-migration?s=dc#display_moment and https://developers.google.com/identity/gsi/web/guides/fedcm-migration?s=dc#skipped_moment @ https://accounts.google.com/gsi/client:84
[  137925ms] [ERROR] Not signed in with the identity provider. @ https://www.tradingview.com/script/EiG966fR-Color-RSI/:0
[  137925ms] [WARNING] <meta name="apple-mobile-web-app-capable" content="yes"> is deprecated. Please include <meta name="mobile-web-app-capable" content="yes"> @ https://www.tradingview.com/script/EiG966fR-Color-RSI/:0
[  141537ms] [WARNING] Deprecation warning: use moment.updateLocale(localeName, config) to change an existing locale. moment.defineLocale(localeName, config) should only be used for creating a new locale See http://momentjs.com/guides/#/warnings/define-locale/ for more info. @ https://static.tradingview.com/static/bundles/81868.e8d7418158aa18f0df0f.js:8
[  142018ms] [WARNING] [GSI_LOGGER]: Your client application uses one of the Google One Tap prompt UI status methods that may stop functioning when FedCM becomes mandatory. Refer to the migration guide to update your code accordingly and opt-in to FedCM to test your changes. Learn more: https://developers.google.com/identity/gsi/web/guides/fedcm-migration?s=dc#display_moment and https://developers.google.com/identity/gsi/web/guides/fedcm-migration?s=dc#skipped_moment @ https://accounts.google.com/gsi/client:84
[  142037ms] [ERROR] Not signed in with the identity provider. @ https://www.tradingview.com/script/EkMU5EEH-CSK-Timeframe-Fair-Value-Gaps-fade-CSKyle/:0
[  142037ms] [WARNING] <meta name="apple-mobile-web-app-capable" content="yes"> is deprecated. Please include <meta name="mobile-web-app-capable" content="yes"> @ https://www.tradingview.com/script/EkMU5EEH-CSK-Timeframe-Fair-Value-Gaps-fade-CSKyle/:0
[  145671ms] [WARNING] Deprecation warning: use moment.updateLocale(localeName, config) to change an existing locale. moment.defineLocale(localeName, config) should only be used for creating a new locale See http://momentjs.com/guides/#/warnings/define-locale/ for more info. @ https://static.tradingview.com/static/bundles/81868.e8d7418158aa18f0df0f.js:8
[  145793ms] [WARNING] 2026-04-19T12:00:08.480Z:Chart.ChartModel:Empty pane detected - restoring is skipped. idx=1, state={"sources":[],"mainSourceId":"53gP0Y","stretchFactor":447.5123719658459,"leftAxisesState":[],"rightAxisesState":[{"state":{"id":"wqKmZpvrSjVq","m_priceRange":null,"m_isAutoScale":true,"m_isPercentage":false,"m_isIndexedTo100":false,"m_isLog":false,"m_isLockScale":false,"m_isInverted":false,"m_topMargin":0.1,"m_bottomMargin":0.08,"alignLabels":true,"logFormula":{"logicalOffset":4,"coordOffset":0.0001},"hasCalculatedPriceRange":true},"sources":[]}],"overlayPriceScales":{},"priceScaleRatio":null,"isCollapsed":false,"isMaximized":false,"mode":0} @ https://static.tradingview.com/static/bundles/80058.6d3764c8a70528a7f783.js:13
[  146324ms] [WARNING] [GSI_LOGGER]: Your client application uses one of the Google One Tap prompt UI status methods that may stop functioning when FedCM becomes mandatory. Refer to the migration guide to update your code accordingly and opt-in to FedCM to test your changes. Learn more: https://developers.google.com/identity/gsi/web/guides/fedcm-migration?s=dc#display_moment and https://developers.google.com/identity/gsi/web/guides/fedcm-migration?s=dc#skipped_moment @ https://accounts.google.com/gsi/client:84
[  146325ms] [ERROR] Not signed in with the identity provider. @ https://www.tradingview.com/script/EmXnJDlf/:0
[  146325ms] [WARNING] <meta name="apple-mobile-web-app-capable" content="yes"> is deprecated. Please include <meta name="mobile-web-app-capable" content="yes"> @ https://www.tradingview.com/script/EmXnJDlf/:0
[  147590ms] [ERROR] [GSI_LOGGER]: FedCM get() rejects with NetworkError: Error retrieving a token. @ https://accounts.google.com/gsi/client:85
[  150043ms] [WARNING] Deprecation warning: use moment.updateLocale(localeName, config) to change an existing locale. moment.defineLocale(localeName, config) should only be used for creating a new locale See http://momentjs.com/guides/#/warnings/define-locale/ for more info. @ https://static.tradingview.com/static/bundles/81868.e8d7418158aa18f0df0f.js:8
[  150318ms] [WARNING] [GSI_LOGGER]: Your client application uses one of the Google One Tap prompt UI status methods that may stop functioning when FedCM becomes mandatory. Refer to the migration guide to update your code accordingly and opt-in to FedCM to test your changes. Learn more: https://developers.google.com/identity/gsi/web/guides/fedcm-migration?s=dc#display_moment and https://developers.google.com/identity/gsi/web/guides/fedcm-migration?s=dc#skipped_moment @ https://accounts.google.com/gsi/client:84
[  150333ms] [ERROR] Not signed in with the identity provider. @ https://www.tradingview.com/script/EmczUrDx-CTZ-Expected-Move-Suite/:0
[  150333ms] [WARNING] <meta name="apple-mobile-web-app-capable" content="yes"> is deprecated. Please include <meta name="mobile-web-app-capable" content="yes"> @ https://www.tradingview.com/script/EmczUrDx-CTZ-Expected-Move-Suite/:0
[  154545ms] [WARNING] 2026-04-19T12:00:17.232Z:Chart.ChartModel:Empty pane detected - restoring is skipped. idx=5, state={"sources":[],"mainSourceId":"qRgqrr","stretchFactor":1000,"leftAxisesState":[],"rightAxisesState":[{"state":{"id":"ZI7Zh1yoriIl","m_priceRange":null,"m_isAutoScale":true,"m_isPercentage":false,"m_isIndexedTo100":false,"m_isLog":false,"m_isLockScale":false,"m_isInverted":false,"m_topMargin":0.1,"m_bottomMargin":0.08,"alignLabels":true,"logFormula":{"logicalOffset":4,"coordOffset":0.0001},"hasCalculatedPriceRange":true},"sources":[]}],"overlayPriceScales":{},"priceScaleRatio":null,"isCollapsed":false,"isMaximized":false,"mode":0} @ https://static.tradingview.com/static/bundles/80058.6d3764c8a70528a7f783.js:13
[  154588ms] [WARNING] 2026-04-19T12:00:17.275Z:Property:The state with a data type: array does not match a schema @ https://static.tradingview.com/static/bundles/80058.6d3764c8a70528a7f783.js:13
[  155271ms] [WARNING] Deprecation warning: use moment.updateLocale(localeName, config) to change an existing locale. moment.defineLocale(localeName, config) should only be used for creating a new locale See http://momentjs.com/guides/#/warnings/define-locale/ for more info. @ https://static.tradingview.com/static/bundles/81868.e8d7418158aa18f0df0f.js:8
[  155574ms] [WARNING] [GSI_LOGGER]: Your client application uses one of the Google One Tap prompt UI status methods that may stop functioning when FedCM becomes mandatory. Refer to the migration guide to update your code accordingly and opt-in to FedCM to test your changes. Learn more: https://developers.google.com/identity/gsi/web/guides/fedcm-migration?s=dc#display_moment and https://developers.google.com/identity/gsi/web/guides/fedcm-migration?s=dc#skipped_moment @ https://accounts.google.com/gsi/client:84
[  155576ms] [ERROR] Not signed in with the identity provider. @ https://www.tradingview.com/script/EpHwH0MI-NQ-Matrix-Core-Model-BETA-VerA01-260415/:0
[  155576ms] [WARNING] <meta name="apple-mobile-web-app-capable" content="yes"> is deprecated. Please include <meta name="mobile-web-app-capable" content="yes"> @ https://www.tradingview.com/script/EpHwH0MI-NQ-Matrix-Core-Model-BETA-VerA01-260415/:0
[  158700ms] [ERROR] [GSI_LOGGER]: FedCM get() rejects with NetworkError: Error retrieving a token. @ https://accounts.google.com/gsi/client:85
[  159847ms] [WARNING] Deprecation warning: use moment.updateLocale(localeName, config) to change an existing locale. moment.defineLocale(localeName, config) should only be used for creating a new locale See http://momentjs.com/guides/#/warnings/define-locale/ for more info. @ https://static.tradingview.com/static/bundles/81868.e8d7418158aa18f0df0f.js:8
[  160469ms] [WARNING] [GSI_LOGGER]: Your client application uses one of the Google One Tap prompt UI status methods that may stop functioning when FedCM becomes mandatory. Refer to the migration guide to update your code accordingly and opt-in to FedCM to test your changes. Learn more: https://developers.google.com/identity/gsi/web/guides/fedcm-migration?s=dc#display_moment and https://developers.google.com/identity/gsi/web/guides/fedcm-migration?s=dc#skipped_moment @ https://accounts.google.com/gsi/client:84
[  160471ms] [ERROR] Not signed in with the identity provider. @ https://www.tradingview.com/script/EpP75Txv-Sentinel-SMC-Pro-Institutional-Flow-3/:0
[  160471ms] [WARNING] <meta name="apple-mobile-web-app-capable" content="yes"> is deprecated. Please include <meta name="mobile-web-app-capable" content="yes"> @ https://www.tradingview.com/script/EpP75Txv-Sentinel-SMC-Pro-Institutional-Flow-3/:0
[  161419ms] [ERROR] [GSI_LOGGER]: FedCM get() rejects with NetworkError: Error retrieving a token. @ https://accounts.google.com/gsi/client:85
[  163422ms] [ERROR] 2026-04-19T12:00:26.110Z:Chart.Pane:Cannot restore (skipping) study without data CcYhn6, undefined @ https://static.tradingview.com/static/bundles/80058.6d3764c8a70528a7f783.js:13
[  164076ms] [WARNING] Deprecation warning: use moment.updateLocale(localeName, config) to change an existing locale. moment.defineLocale(localeName, config) should only be used for creating a new locale See http://momentjs.com/guides/#/warnings/define-locale/ for more info. @ https://static.tradingview.com/static/bundles/81868.e8d7418158aa18f0df0f.js:8
[  164249ms] [WARNING] 2026-04-19T12:00:26.936Z:Property:The state with a data type: array does not match a schema @ https://static.tradingview.com/static/bundles/80058.6d3764c8a70528a7f783.js:13
[  164670ms] [WARNING] [GSI_LOGGER]: Your client application uses one of the Google One Tap prompt UI status methods that may stop functioning when FedCM becomes mandatory. Refer to the migration guide to update your code accordingly and opt-in to FedCM to test your changes. Learn more: https://developers.google.com/identity/gsi/web/guides/fedcm-migration?s=dc#display_moment and https://developers.google.com/identity/gsi/web/guides/fedcm-migration?s=dc#skipped_moment @ https://accounts.google.com/gsi/client:84
[  164688ms] [ERROR] Not signed in with the identity provider. @ https://www.tradingview.com/script/Eqi2c3KE/:0
[  164688ms] [WARNING] <meta name="apple-mobile-web-app-capable" content="yes"> is deprecated. Please include <meta name="mobile-web-app-capable" content="yes"> @ https://www.tradingview.com/script/Eqi2c3KE/:0
[  168615ms] [WARNING] Deprecation warning: use moment.updateLocale(localeName, config) to change an existing locale. moment.defineLocale(localeName, config) should only be used for creating a new locale See http://momentjs.com/guides/#/warnings/define-locale/ for more info. @ https://static.tradingview.com/static/bundles/81868.e8d7418158aa18f0df0f.js:8
[  169330ms] [WARNING] [GSI_LOGGER]: Your client application uses one of the Google One Tap prompt UI status methods that may stop functioning when FedCM becomes mandatory. Refer to the migration guide to update your code accordingly and opt-in to FedCM to test your changes. Learn more: https://developers.google.com/identity/gsi/web/guides/fedcm-migration?s=dc#display_moment and https://developers.google.com/identity/gsi/web/guides/fedcm-migration?s=dc#skipped_moment @ https://accounts.google.com/gsi/client:84
[  169332ms] [ERROR] Not signed in with the identity provider. @ https://www.tradingview.com/script/EtixA1xJ-Apex-ATR-Exhaustion-Bands/:0
[  169332ms] [WARNING] <meta name="apple-mobile-web-app-capable" content="yes"> is deprecated. Please include <meta name="mobile-web-app-capable" content="yes"> @ https://www.tradingview.com/script/EtixA1xJ-Apex-ATR-Exhaustion-Bands/:0
[  187291ms] [ERROR] Failed to load resource: net::ERR_CONNECTION_TIMED_OUT @ https://telemetry.tradingview.com/free/report:0
[  187291ms] [ERROR] 2026-04-19T12:00:49.979Z:Fetch:POST https://telemetry.tradingview.com/free/report. TypeError: Failed to fetch @ https://static.tradingview.com/static/bundles/80058.6d3764c8a70528a7f783.js:13
[  187547ms] [ERROR] Failed to load resource: net::ERR_CONNECTION_TIMED_OUT @ https://telemetry.tradingview.com/pine/report:0
[  187547ms] [ERROR] 2026-04-19T12:00:50.234Z:Fetch:POST https://telemetry.tradingview.com/pine/report. TypeError: Failed to fetch @ https://static.tradingview.com/static/bundles/80058.6d3764c8a70528a7f783.js:13
[  192194ms] [WARNING] Deprecation warning: use moment.updateLocale(localeName, config) to change an existing locale. moment.defineLocale(localeName, config) should only be used for creating a new locale See http://momentjs.com/guides/#/warnings/define-locale/ for more info. @ https://static.tradingview.com/static/bundles/81868.e8d7418158aa18f0df0f.js:8
[  192376ms] [WARNING] 2026-04-19T12:00:55.063Z:Property:The state with a data type: array does not match a schema @ https://static.tradingview.com/static/bundles/80058.6d3764c8a70528a7f783.js:13
[  193609ms] [WARNING] [GSI_LOGGER]: Your client application uses one of the Google One Tap prompt UI status methods that may stop functioning when FedCM becomes mandatory. Refer to the migration guide to update your code accordingly and opt-in to FedCM to test your changes. Learn more: https://developers.google.com/identity/gsi/web/guides/fedcm-migration?s=dc#display_moment and https://developers.google.com/identity/gsi/web/guides/fedcm-migration?s=dc#skipped_moment @ https://accounts.google.com/gsi/client:84
[  193613ms] [ERROR] Not signed in with the identity provider. @ https://www.tradingview.com/script/ExGRwjYj-important-extremes/:0
[  193613ms] [WARNING] <meta name="apple-mobile-web-app-capable" content="yes"> is deprecated. Please include <meta name="mobile-web-app-capable" content="yes"> @ https://www.tradingview.com/script/ExGRwjYj-important-extremes/:0
[  196763ms] [WARNING] Deprecation warning: use moment.updateLocale(localeName, config) to change an existing locale. moment.defineLocale(localeName, config) should only be used for creating a new locale See http://momentjs.com/guides/#/warnings/define-locale/ for more info. @ https://static.tradingview.com/static/bundles/81868.e8d7418158aa18f0df0f.js:8
[  196872ms] [WARNING] 2026-04-19T12:00:59.559Z:Chart.ChartModel:Empty pane detected - restoring is skipped. idx=1, state={"sources":[],"mainSourceId":"JLPUQS","stretchFactor":249.78118001804614,"leftAxisesState":[],"rightAxisesState":[{"state":{"id":"FTj9qkl7B1jf","m_priceRange":null,"m_isAutoScale":true,"m_isPercentage":false,"m_isIndexedTo100":false,"m_isLog":false,"m_isLockScale":false,"m_isInverted":false,"m_topMargin":0.2,"m_bottomMargin":0.08,"alignLabels":true,"logFormula":{"logicalOffset":4,"coordOffset":0.0001},"hasCalculatedPriceRange":true},"sources":[]}],"overlayPriceScales":{},"priceScaleRatio":null,"isCollapsed":false,"isMaximized":false,"mode":0} @ https://static.tradingview.com/static/bundles/80058.6d3764c8a70528a7f783.js:13
[  197566ms] [WARNING] [GSI_LOGGER]: Your client application uses one of the Google One Tap prompt UI status methods that may stop functioning when FedCM becomes mandatory. Refer to the migration guide to update your code accordingly and opt-in to FedCM to test your changes. Learn more: https://developers.google.com/identity/gsi/web/guides/fedcm-migration?s=dc#display_moment and https://developers.google.com/identity/gsi/web/guides/fedcm-migration?s=dc#skipped_moment @ https://accounts.google.com/gsi/client:84
[  197568ms] [ERROR] Not signed in with the identity provider. @ https://www.tradingview.com/script/F0F0xrXY-Trend-Momentum-FVG-Signals/:0
[  197568ms] [WARNING] <meta name="apple-mobile-web-app-capable" content="yes"> is deprecated. Please include <meta name="mobile-web-app-capable" content="yes"> @ https://www.tradingview.com/script/F0F0xrXY-Trend-Momentum-FVG-Signals/:0
[  202156ms] [WARNING] Deprecation warning: use moment.updateLocale(localeName, config) to change an existing locale. moment.defineLocale(localeName, config) should only be used for creating a new locale See http://momentjs.com/guides/#/warnings/define-locale/ for more info. @ https://static.tradingview.com/static/bundles/81868.e8d7418158aa18f0df0f.js:8
[  202329ms] [WARNING] 2026-04-19T12:01:05.016Z:Property:The state with a data type: array does not match a schema @ https://static.tradingview.com/static/bundles/80058.6d3764c8a70528a7f783.js:13
[  202726ms] [WARNING] [GSI_LOGGER]: Your client application uses one of the Google One Tap prompt UI status methods that may stop functioning when FedCM becomes mandatory. Refer to the migration guide to update your code accordingly and opt-in to FedCM to test your changes. Learn more: https://developers.google.com/identity/gsi/web/guides/fedcm-migration?s=dc#display_moment and https://developers.google.com/identity/gsi/web/guides/fedcm-migration?s=dc#skipped_moment @ https://accounts.google.com/gsi/client:84
[  202745ms] [ERROR] Not signed in with the identity provider. @ https://www.tradingview.com/script/F9wbW2sl-Tidal-Volume-Oscillator-JOAT/:0
[  202745ms] [WARNING] <meta name="apple-mobile-web-app-capable" content="yes"> is deprecated. Please include <meta name="mobile-web-app-capable" content="yes"> @ https://www.tradingview.com/script/F9wbW2sl-Tidal-Volume-Oscillator-JOAT/:0
[  205904ms] [ERROR] [GSI_LOGGER]: FedCM get() rejects with NetworkError: Error retrieving a token. @ https://accounts.google.com/gsi/client:85
[  207217ms] [WARNING] Deprecation warning: use moment.updateLocale(localeName, config) to change an existing locale. moment.defineLocale(localeName, config) should only be used for creating a new locale See http://momentjs.com/guides/#/warnings/define-locale/ for more info. @ https://static.tradingview.com/static/bundles/81868.e8d7418158aa18f0df0f.js:8
[  208217ms] [WARNING] [GSI_LOGGER]: Your client application uses one of the Google One Tap prompt UI status methods that may stop functioning when FedCM becomes mandatory. Refer to the migration guide to update your code accordingly and opt-in to FedCM to test your changes. Learn more: https://developers.google.com/identity/gsi/web/guides/fedcm-migration?s=dc#display_moment and https://developers.google.com/identity/gsi/web/guides/fedcm-migration?s=dc#skipped_moment @ https://accounts.google.com/gsi/client:84
[  208232ms] [ERROR] Not signed in with the identity provider. @ https://www.tradingview.com/script/FBjy1vIq-Two-Bar-Fib-Retrace-Strategy-Futures/:0
[  208232ms] [WARNING] <meta name="apple-mobile-web-app-capable" content="yes"> is deprecated. Please include <meta name="mobile-web-app-capable" content="yes"> @ https://www.tradingview.com/script/FBjy1vIq-Two-Bar-Fib-Retrace-Strategy-Futures/:0
[  212161ms] [WARNING] Deprecation warning: use moment.updateLocale(localeName, config) to change an existing locale. moment.defineLocale(localeName, config) should only be used for creating a new locale See http://momentjs.com/guides/#/warnings/define-locale/ for more info. @ https://static.tradingview.com/static/bundles/81868.e8d7418158aa18f0df0f.js:8
[  212334ms] [WARNING] 2026-04-19T12:01:15.021Z:Property:The state with a data type: array does not match a schema @ https://static.tradingview.com/static/bundles/80058.6d3764c8a70528a7f783.js:13
[  212773ms] [WARNING] [GSI_LOGGER]: Your client application uses one of the Google One Tap prompt UI status methods that may stop functioning when FedCM becomes mandatory. Refer to the migration guide to update your code accordingly and opt-in to FedCM to test your changes. Learn more: https://developers.google.com/identity/gsi/web/guides/fedcm-migration?s=dc#display_moment and https://developers.google.com/identity/gsi/web/guides/fedcm-migration?s=dc#skipped_moment @ https://accounts.google.com/gsi/client:84
[  212790ms] [ERROR] Not signed in with the identity provider. @ https://www.tradingview.com/script/FH0wCI7H/:0
[  212790ms] [WARNING] <meta name="apple-mobile-web-app-capable" content="yes"> is deprecated. Please include <meta name="mobile-web-app-capable" content="yes"> @ https://www.tradingview.com/script/FH0wCI7H/:0
[  217107ms] [WARNING] Deprecation warning: use moment.updateLocale(localeName, config) to change an existing locale. moment.defineLocale(localeName, config) should only be used for creating a new locale See http://momentjs.com/guides/#/warnings/define-locale/ for more info. @ https://static.tradingview.com/static/bundles/81868.e8d7418158aa18f0df0f.js:8
[  217426ms] [WARNING] [GSI_LOGGER]: Your client application uses one of the Google One Tap prompt UI status methods that may stop functioning when FedCM becomes mandatory. Refer to the migration guide to update your code accordingly and opt-in to FedCM to test your changes. Learn more: https://developers.google.com/identity/gsi/web/guides/fedcm-migration?s=dc#display_moment and https://developers.google.com/identity/gsi/web/guides/fedcm-migration?s=dc#skipped_moment @ https://accounts.google.com/gsi/client:84
[  217444ms] [ERROR] Not signed in with the identity provider. @ https://www.tradingview.com/script/FJNQYPwY-CTZ-Vol-Mom-BBWP-Dashboard/:0
[  217444ms] [WARNING] <meta name="apple-mobile-web-app-capable" content="yes"> is deprecated. Please include <meta name="mobile-web-app-capable" content="yes"> @ https://www.tradingview.com/script/FJNQYPwY-CTZ-Vol-Mom-BBWP-Dashboard/:0
[  221283ms] [WARNING] Deprecation warning: use moment.updateLocale(localeName, config) to change an existing locale. moment.defineLocale(localeName, config) should only be used for creating a new locale See http://momentjs.com/guides/#/warnings/define-locale/ for more info. @ https://static.tradingview.com/static/bundles/81868.e8d7418158aa18f0df0f.js:8
[  221742ms] [WARNING] [GSI_LOGGER]: Your client application uses one of the Google One Tap prompt UI status methods that may stop functioning when FedCM becomes mandatory. Refer to the migration guide to update your code accordingly and opt-in to FedCM to test your changes. Learn more: https://developers.google.com/identity/gsi/web/guides/fedcm-migration?s=dc#display_moment and https://developers.google.com/identity/gsi/web/guides/fedcm-migration?s=dc#skipped_moment @ https://accounts.google.com/gsi/client:84
[  221756ms] [ERROR] Not signed in with the identity provider. @ https://www.tradingview.com/script/FPFZWtCp-H4-open-times/:0
[  221756ms] [WARNING] <meta name="apple-mobile-web-app-capable" content="yes"> is deprecated. Please include <meta name="mobile-web-app-capable" content="yes"> @ https://www.tradingview.com/script/FPFZWtCp-H4-open-times/:0
[  226104ms] [WARNING] Deprecation warning: use moment.updateLocale(localeName, config) to change an existing locale. moment.defineLocale(localeName, config) should only be used for creating a new locale See http://momentjs.com/guides/#/warnings/define-locale/ for more info. @ https://static.tradingview.com/static/bundles/81868.e8d7418158aa18f0df0f.js:8
[  226230ms] [WARNING] 2026-04-19T12:01:28.918Z:Chart.ChartModel:Empty pane detected - restoring is skipped. idx=1, state={"sources":[],"mainSourceId":"0NoPcu","stretchFactor":711.9996619825133,"leftAxisesState":[],"rightAxisesState":[{"state":{"id":"5n6Y0gNrR9Tc","m_priceRange":null,"m_isAutoScale":true,"m_isPercentage":false,"m_isIndexedTo100":false,"m_isLog":false,"m_isLockScale":false,"m_isInverted":false,"m_topMargin":0.1,"m_bottomMargin":0.08,"alignLabels":true,"logFormula":{"logicalOffset":4,"coordOffset":0.0001},"hasCalculatedPriceRange":true},"sources":[]}],"overlayPriceScales":{},"priceScaleRatio":null,"isCollapsed":false,"isMaximized":false,"mode":0} @ https://static.tradingview.com/static/bundles/80058.6d3764c8a70528a7f783.js:13
[  226591ms] [WARNING] [GSI_LOGGER]: Your client application uses one of the Google One Tap prompt UI status methods that may stop functioning when FedCM becomes mandatory. Refer to the migration guide to update your code accordingly and opt-in to FedCM to test your changes. Learn more: https://developers.google.com/identity/gsi/web/guides/fedcm-migration?s=dc#display_moment and https://developers.google.com/identity/gsi/web/guides/fedcm-migration?s=dc#skipped_moment @ https://accounts.google.com/gsi/client:84
[  226610ms] [ERROR] Not signed in with the identity provider. @ https://www.tradingview.com/script/FoRVpK4c/:0
[  226610ms] [WARNING] <meta name="apple-mobile-web-app-capable" content="yes"> is deprecated. Please include <meta name="mobile-web-app-capable" content="yes"> @ https://www.tradingview.com/script/FoRVpK4c/:0
[  230240ms] [ERROR] Failed to load resource: the server responded with a status of 404 () @ https://www.tradingview.com/script/Fp2BK07P-ORB-Breakout-Signal/:0
[  230932ms] [WARNING] [GSI_LOGGER]: Your client application uses one of the Google One Tap prompt UI status methods that may stop functioning when FedCM becomes mandatory. Refer to the migration guide to update your code accordingly and opt-in to FedCM to test your changes. Learn more: https://developers.google.com/identity/gsi/web/guides/fedcm-migration?s=dc#display_moment and https://developers.google.com/identity/gsi/web/guides/fedcm-migration?s=dc#skipped_moment @ https://accounts.google.com/gsi/client:84
[  230936ms] [ERROR] Not signed in with the identity provider. @ https://www.tradingview.com/script/Fp2BK07P-ORB-Breakout-Signal/:0
[  230936ms] [WARNING] <meta name="apple-mobile-web-app-capable" content="yes"> is deprecated. Please include <meta name="mobile-web-app-capable" content="yes"> @ https://www.tradingview.com/script/Fp2BK07P-ORB-Breakout-Signal/:0
[  234553ms] [ERROR] [GSI_LOGGER]: FedCM get() rejects with NetworkError: Error retrieving a token. @ https://accounts.google.com/gsi/client:85
[  236701ms] [WARNING] Deprecation warning: use moment.updateLocale(localeName, config) to change an existing locale. moment.defineLocale(localeName, config) should only be used for creating a new locale See http://momentjs.com/guides/#/warnings/define-locale/ for more info. @ https://static.tradingview.com/static/bundles/81868.e8d7418158aa18f0df0f.js:8
[  237866ms] [WARNING] [GSI_LOGGER]: Your client application uses one of the Google One Tap prompt UI status methods that may stop functioning when FedCM becomes mandatory. Refer to the migration guide to update your code accordingly and opt-in to FedCM to test your changes. Learn more: https://developers.google.com/identity/gsi/web/guides/fedcm-migration?s=dc#display_moment and https://developers.google.com/identity/gsi/web/guides/fedcm-migration?s=dc#skipped_moment @ https://accounts.google.com/gsi/client:84
[  237872ms] [ERROR] Not signed in with the identity provider. @ https://www.tradingview.com/script/FsCkxqrz/:0
[  237873ms] [WARNING] <meta name="apple-mobile-web-app-capable" content="yes"> is deprecated. Please include <meta name="mobile-web-app-capable" content="yes"> @ https://www.tradingview.com/script/FsCkxqrz/:0
[  240752ms] [ERROR] [GSI_LOGGER]: FedCM get() rejects with NetworkError: Error retrieving a token. @ https://accounts.google.com/gsi/client:85
[  259521ms] [ERROR] Failed to load resource: net::ERR_CONNECTION_TIMED_OUT @ https://telemetry.tradingview.com/free/report:0
[  259522ms] [ERROR] 2026-04-19T12:02:02.210Z:Fetch:POST https://telemetry.tradingview.com/free/report. TypeError: Failed to fetch @ https://static.tradingview.com/static/bundles/80058.6d3764c8a70528a7f783.js:13
[  261443ms] [ERROR] Failed to load resource: net::ERR_CONNECTION_TIMED_OUT @ https://telemetry.tradingview.com/pine/report:0
[  261444ms] [ERROR] 2026-04-19T12:02:04.131Z:Fetch:POST https://telemetry.tradingview.com/pine/report. TypeError: Failed to fetch @ https://static.tradingview.com/static/bundles/80058.6d3764c8a70528a7f783.js:13
