[  774188ms] [WARNING] Deprecation warning: use moment.updateLocale(localeName, config) to change an existing locale. moment.defineLocale(localeName, config) should only be used for creating a new locale See http://momentjs.com/guides/#/warnings/define-locale/ for more info. @ https://static.tradingview.com/static/bundles/81868.e8d7418158aa18f0df0f.js:8
[  774432ms] [WARNING] 2026-04-19T11:01:52.358Z:Property:The state with a data type: array does not match a schema @ https://static.tradingview.com/static/bundles/80058.6d3764c8a70528a7f783.js:13
[  775780ms] [WARNING] [GSI_LOGGER]: Your client application uses one of the Google One Tap prompt UI status methods that may stop functioning when FedCM becomes mandatory. Refer to the migration guide to update your code accordingly and opt-in to FedCM to test your changes. Learn more: https://developers.google.com/identity/gsi/web/guides/fedcm-migration?s=dc#display_moment and https://developers.google.com/identity/gsi/web/guides/fedcm-migration?s=dc#skipped_moment @ https://accounts.google.com/gsi/client:84
[  775786ms] [ERROR] Not signed in with the identity provider. @ https://www.tradingview.com/script/jdjU1Pan-Accumulation-Distribution-Oscillator-ADO/:0
[  775788ms] [WARNING] <meta name="apple-mobile-web-app-capable" content="yes"> is deprecated. Please include <meta name="mobile-web-app-capable" content="yes"> @ https://www.tradingview.com/script/jdjU1Pan-Accumulation-Distribution-Oscillator-ADO/:0
[  786176ms] [ERROR] [GSI_LOGGER]: FedCM get() rejects with NetworkError: Error retrieving a token. @ https://accounts.google.com/gsi/client:85
[ 2968561ms] [WARNING] Deprecation warning: use moment.updateLocale(localeName, config) to change an existing locale. moment.defineLocale(localeName, config) should only be used for creating a new locale See http://momentjs.com/guides/#/warnings/define-locale/ for more info. @ https://static.tradingview.com/static/bundles/81868.e8d7418158aa18f0df0f.js:8
[ 2969759ms] [WARNING] Deprecation warning: use moment.updateLocale(localeName, config) to change an existing locale. moment.defineLocale(localeName, config) should only be used for creating a new locale See http://momentjs.com/guides/#/warnings/define-locale/ for more info. @ https://static.tradingview.com/static/bundles/81868.e8d7418158aa18f0df0f.js:8
[ 2971976ms] [WARNING] Deprecation warning: use moment.updateLocale(localeName, config) to change an existing locale. moment.defineLocale(localeName, config) should only be used for creating a new locale See http://momentjs.com/guides/#/warnings/define-locale/ for more info. @ https://static.tradingview.com/static/bundles/81868.e8d7418158aa18f0df0f.js:8
[ 2973463ms] [WARNING] Deprecation warning: use moment.updateLocale(localeName, config) to change an existing locale. moment.defineLocale(localeName, config) should only be used for creating a new locale See http://momentjs.com/guides/#/warnings/define-locale/ for more info. @ https://static.tradingview.com/static/bundles/81868.e8d7418158aa18f0df0f.js:8
[ 2975186ms] [WARNING] Deprecation warning: use moment.updateLocale(localeName, config) to change an existing locale. moment.defineLocale(localeName, config) should only be used for creating a new locale See http://momentjs.com/guides/#/warnings/define-locale/ for more info. @ https://static.tradingview.com/static/bundles/81868.e8d7418158aa18f0df0f.js:8
[ 2975330ms] [ERROR] 2026-04-19T11:38:33.256Z:Chart.Pane:Cannot restore (skipping) study without data 04XHaP, undefined @ https://static.tradingview.com/static/bundles/80058.6d3764c8a70528a7f783.js:13
[ 2976951ms] [WARNING] Deprecation warning: use moment.updateLocale(localeName, config) to change an existing locale. moment.defineLocale(localeName, config) should only be used for creating a new locale See http://momentjs.com/guides/#/warnings/define-locale/ for more info. @ https://static.tradingview.com/static/bundles/81868.e8d7418158aa18f0df0f.js:8
[ 2977152ms] [WARNING] 2026-04-19T11:38:35.078Z:Property:The state with a data type: array does not match a schema @ https://static.tradingview.com/static/bundles/80058.6d3764c8a70528a7f783.js:13
[ 2978863ms] [WARNING] Deprecation warning: use moment.updateLocale(localeName, config) to change an existing locale. moment.defineLocale(localeName, config) should only be used for creating a new locale See http://momentjs.com/guides/#/warnings/define-locale/ for more info. @ https://static.tradingview.com/static/bundles/81868.e8d7418158aa18f0df0f.js:8
[ 2980620ms] [WARNING] Deprecation warning: use moment.updateLocale(localeName, config) to change an existing locale. moment.defineLocale(localeName, config) should only be used for creating a new locale See http://momentjs.com/guides/#/warnings/define-locale/ for more info. @ https://static.tradingview.com/static/bundles/81868.e8d7418158aa18f0df0f.js:8
[ 2982073ms] [WARNING] Deprecation warning: use moment.updateLocale(localeName, config) to change an existing locale. moment.defineLocale(localeName, config) should only be used for creating a new locale See http://momentjs.com/guides/#/warnings/define-locale/ for more info. @ https://static.tradingview.com/static/bundles/81868.e8d7418158aa18f0df0f.js:8
[ 2983169ms] [WARNING] Deprecation warning: use moment.updateLocale(localeName, config) to change an existing locale. moment.defineLocale(localeName, config) should only be used for creating a new locale See http://momentjs.com/guides/#/warnings/define-locale/ for more info. @ https://static.tradingview.com/static/bundles/81868.e8d7418158aa18f0df0f.js:8
[ 2983408ms] [ERROR] Framing 'https://www.recaptcha.net/' violates the following report-only Content Security Policy directive: "frame-ancestors 'self'". The violation has been logged, but no further action has been taken.
 @ :0
[ 2985962ms] [WARNING] Deprecation warning: use moment.updateLocale(localeName, config) to change an existing locale. moment.defineLocale(localeName, config) should only be used for creating a new locale See http://momentjs.com/guides/#/warnings/define-locale/ for more info. @ https://static.tradingview.com/static/bundles/81868.e8d7418158aa18f0df0f.js:8
[ 2986276ms] [WARNING] 2026-04-19T11:38:44.203Z:Property:The state with a data type: array does not match a schema @ https://static.tradingview.com/static/bundles/80058.6d3764c8a70528a7f783.js:13
[ 2987602ms] [WARNING] Deprecation warning: use moment.updateLocale(localeName, config) to change an existing locale. moment.defineLocale(localeName, config) should only be used for creating a new locale See http://momentjs.com/guides/#/warnings/define-locale/ for more info. @ https://static.tradingview.com/static/bundles/81868.e8d7418158aa18f0df0f.js:8
[ 2989464ms] [WARNING] Deprecation warning: use moment.updateLocale(localeName, config) to change an existing locale. moment.defineLocale(localeName, config) should only be used for creating a new locale See http://momentjs.com/guides/#/warnings/define-locale/ for more info. @ https://static.tradingview.com/static/bundles/81868.e8d7418158aa18f0df0f.js:8
[ 2991590ms] [WARNING] Deprecation warning: use moment.updateLocale(localeName, config) to change an existing locale. moment.defineLocale(localeName, config) should only be used for creating a new locale See http://momentjs.com/guides/#/warnings/define-locale/ for more info. @ https://static.tradingview.com/static/bundles/81868.e8d7418158aa18f0df0f.js:8
[ 2996313ms] [WARNING] Deprecation warning: use moment.updateLocale(localeName, config) to change an existing locale. moment.defineLocale(localeName, config) should only be used for creating a new locale See http://momentjs.com/guides/#/warnings/define-locale/ for more info. @ https://static.tradingview.com/static/bundles/81868.e8d7418158aa18f0df0f.js:8
[ 2997929ms] [WARNING] Deprecation warning: use moment.updateLocale(localeName, config) to change an existing locale. moment.defineLocale(localeName, config) should only be used for creating a new locale See http://momentjs.com/guides/#/warnings/define-locale/ for more info. @ https://static.tradingview.com/static/bundles/81868.e8d7418158aa18f0df0f.js:8
[ 3000997ms] [WARNING] Deprecation warning: use moment.updateLocale(localeName, config) to change an existing locale. moment.defineLocale(localeName, config) should only be used for creating a new locale See http://momentjs.com/guides/#/warnings/define-locale/ for more info. @ https://static.tradingview.com/static/bundles/81868.e8d7418158aa18f0df0f.js:8
[ 3003333ms] [WARNING] Deprecation warning: use moment.updateLocale(localeName, config) to change an existing locale. moment.defineLocale(localeName, config) should only be used for creating a new locale See http://momentjs.com/guides/#/warnings/define-locale/ for more info. @ https://static.tradingview.com/static/bundles/81868.e8d7418158aa18f0df0f.js:8
[ 3005711ms] [WARNING] Deprecation warning: use moment.updateLocale(localeName, config) to change an existing locale. moment.defineLocale(localeName, config) should only be used for creating a new locale See http://momentjs.com/guides/#/warnings/define-locale/ for more info. @ https://static.tradingview.com/static/bundles/81868.e8d7418158aa18f0df0f.js:8
[ 3008425ms] [WARNING] Deprecation warning: use moment.updateLocale(localeName, config) to change an existing locale. moment.defineLocale(localeName, config) should only be used for creating a new locale See http://momentjs.com/guides/#/warnings/define-locale/ for more info. @ https://static.tradingview.com/static/bundles/81868.e8d7418158aa18f0df0f.js:8
[ 3008602ms] [WARNING] 2026-04-19T11:39:06.529Z:Property:The state with a data type: array does not match a schema @ https://static.tradingview.com/static/bundles/80058.6d3764c8a70528a7f783.js:13
[ 3008922ms] [ERROR] Framing 'https://www.recaptcha.net/' violates the following report-only Content Security Policy directive: "frame-ancestors 'self'". The violation has been logged, but no further action has been taken.
 @ :0
[ 3009117ms] [WARNING] [GSI_LOGGER]: Your client application uses one of the Google One Tap prompt UI status methods that may stop functioning when FedCM becomes mandatory. Refer to the migration guide to update your code accordingly and opt-in to FedCM to test your changes. Learn more: https://developers.google.com/identity/gsi/web/guides/fedcm-migration?s=dc#display_moment and https://developers.google.com/identity/gsi/web/guides/fedcm-migration?s=dc#skipped_moment @ https://accounts.google.com/gsi/client:84
[ 3009123ms] [ERROR] Not signed in with the identity provider. @ https://www.tradingview.com/script/PN1GrMVW/:0
[ 3009123ms] [WARNING] <meta name="apple-mobile-web-app-capable" content="yes"> is deprecated. Please include <meta name="mobile-web-app-capable" content="yes"> @ https://www.tradingview.com/script/PN1GrMVW/:0
[ 3010934ms] [ERROR] [GSI_LOGGER]: FedCM get() rejects with NetworkError: Error retrieving a token. @ https://accounts.google.com/gsi/client:85
