[     424ms] [WARNING] WebSocket connection to 'wss://pushstream.tradingview.com/message-pipe-ws/public' failed: WebSocket is closed before the connection is established. @ https://static.tradingview.com/static/bundles/68044.9b993c75068f9daf735e.js:9
[     538ms] [WARNING] Deprecation warning: use moment.updateLocale(localeName, config) to change an existing locale. moment.defineLocale(localeName, config) should only be used for creating a new locale See http://momentjs.com/guides/#/warnings/define-locale/ for more info. @ https://static.tradingview.com/static/bundles/81868.e8d7418158aa18f0df0f.js:8
[     796ms] [WARNING] [GSI_LOGGER]: Your client application uses one of the Google One Tap prompt UI status methods that may stop functioning when FedCM becomes mandatory. Refer to the migration guide to update your code accordingly and opt-in to FedCM to test your changes. Learn more: https://developers.google.com/identity/gsi/web/guides/fedcm-migration?s=dc#display_moment and https://developers.google.com/identity/gsi/web/guides/fedcm-migration?s=dc#skipped_moment @ https://accounts.google.com/gsi/client:84
[     799ms] [ERROR] Not signed in with the identity provider. @ https://www.tradingview.com/scripts/page-33/:0
[     800ms] [WARNING] <meta name="apple-mobile-web-app-capable" content="yes"> is deprecated. Please include <meta name="mobile-web-app-capable" content="yes"> @ https://www.tradingview.com/scripts/page-33/:0
[    1860ms] [WARNING] Deprecation warning: use moment.updateLocale(localeName, config) to change an existing locale. moment.defineLocale(localeName, config) should only be used for creating a new locale See http://momentjs.com/guides/#/warnings/define-locale/ for more info. @ https://static.tradingview.com/static/bundles/81868.e8d7418158aa18f0df0f.js:8
[    1959ms] [WARNING] [GSI_LOGGER]: Your client application uses one of the Google One Tap prompt UI status methods that may stop functioning when FedCM becomes mandatory. Refer to the migration guide to update your code accordingly and opt-in to FedCM to test your changes. Learn more: https://developers.google.com/identity/gsi/web/guides/fedcm-migration?s=dc#display_moment and https://developers.google.com/identity/gsi/web/guides/fedcm-migration?s=dc#skipped_moment @ https://accounts.google.com/gsi/client:84
[    1961ms] [ERROR] Not signed in with the identity provider. @ https://www.tradingview.com/scripts/page-25/:0
[    1961ms] [WARNING] <meta name="apple-mobile-web-app-capable" content="yes"> is deprecated. Please include <meta name="mobile-web-app-capable" content="yes"> @ https://www.tradingview.com/scripts/page-25/:0
[    3407ms] [ERROR] [GSI_LOGGER]: FedCM get() rejects with NetworkError: Error retrieving a token. @ https://accounts.google.com/gsi/client:85
[    4095ms] [WARNING] Deprecation warning: use moment.updateLocale(localeName, config) to change an existing locale. moment.defineLocale(localeName, config) should only be used for creating a new locale See http://momentjs.com/guides/#/warnings/define-locale/ for more info. @ https://static.tradingview.com/static/bundles/81868.e8d7418158aa18f0df0f.js:8
[    4325ms] [WARNING] [GSI_LOGGER]: Your client application uses one of the Google One Tap prompt UI status methods that may stop functioning when FedCM becomes mandatory. Refer to the migration guide to update your code accordingly and opt-in to FedCM to test your changes. Learn more: https://developers.google.com/identity/gsi/web/guides/fedcm-migration?s=dc#display_moment and https://developers.google.com/identity/gsi/web/guides/fedcm-migration?s=dc#skipped_moment @ https://accounts.google.com/gsi/client:84
[    4328ms] [ERROR] Not signed in with the identity provider. @ https://www.tradingview.com/scripts/page-34/:0
[    4383ms] [WARNING] <meta name="apple-mobile-web-app-capable" content="yes"> is deprecated. Please include <meta name="mobile-web-app-capable" content="yes"> @ https://www.tradingview.com/scripts/page-34/:0
[    4675ms] [ERROR] [GSI_LOGGER]: FedCM get() rejects with NetworkError: Error retrieving a token. @ https://accounts.google.com/gsi/client:85
[    5646ms] [WARNING] Deprecation warning: use moment.updateLocale(localeName, config) to change an existing locale. moment.defineLocale(localeName, config) should only be used for creating a new locale See http://momentjs.com/guides/#/warnings/define-locale/ for more info. @ https://static.tradingview.com/static/bundles/81868.e8d7418158aa18f0df0f.js:8
[    5818ms] [WARNING] [GSI_LOGGER]: Your client application uses one of the Google One Tap prompt UI status methods that may stop functioning when FedCM becomes mandatory. Refer to the migration guide to update your code accordingly and opt-in to FedCM to test your changes. Learn more: https://developers.google.com/identity/gsi/web/guides/fedcm-migration?s=dc#display_moment and https://developers.google.com/identity/gsi/web/guides/fedcm-migration?s=dc#skipped_moment @ https://accounts.google.com/gsi/client:84
[    5821ms] [ERROR] Not signed in with the identity provider. @ https://www.tradingview.com/scripts/page-26/:0
[    5822ms] [WARNING] <meta name="apple-mobile-web-app-capable" content="yes"> is deprecated. Please include <meta name="mobile-web-app-capable" content="yes"> @ https://www.tradingview.com/scripts/page-26/:0
[    6474ms] [WARNING] WebSocket connection to 'wss://pushstream.tradingview.com/message-pipe-ws/public' failed: WebSocket is closed before the connection is established. @ https://static.tradingview.com/static/bundles/68044.9b993c75068f9daf735e.js:9
[    6655ms] [WARNING] Deprecation warning: use moment.updateLocale(localeName, config) to change an existing locale. moment.defineLocale(localeName, config) should only be used for creating a new locale See http://momentjs.com/guides/#/warnings/define-locale/ for more info. @ https://static.tradingview.com/static/bundles/81868.e8d7418158aa18f0df0f.js:8
[    6794ms] [WARNING] Deprecation warning: use moment.updateLocale(localeName, config) to change an existing locale. moment.defineLocale(localeName, config) should only be used for creating a new locale See http://momentjs.com/guides/#/warnings/define-locale/ for more info. @ https://static.tradingview.com/static/bundles/81868.e8d7418158aa18f0df0f.js:8
[    6917ms] [WARNING] <meta name="apple-mobile-web-app-capable" content="yes"> is deprecated. Please include <meta name="mobile-web-app-capable" content="yes"> @ https://www.tradingview.com/scripts/page-34/:0
[    7097ms] [WARNING] WebSocket connection to 'wss://pushstream.tradingview.com/message-pipe-ws/public' failed: WebSocket is closed before the connection is established. @ https://static.tradingview.com/static/bundles/68044.9b993c75068f9daf735e.js:9
[    7097ms] [ERROR] 2026-04-19T01:54:34.035Z:Fetch:GET /api/v1/offers/. TypeError: Failed to fetch @ https://static.tradingview.com/static/bundles/80058.6d3764c8a70528a7f783.js:13
[    7206ms] [WARNING] Deprecation warning: use moment.updateLocale(localeName, config) to change an existing locale. moment.defineLocale(localeName, config) should only be used for creating a new locale See http://momentjs.com/guides/#/warnings/define-locale/ for more info. @ https://static.tradingview.com/static/bundles/81868.e8d7418158aa18f0df0f.js:8
[    7332ms] [WARNING] WebSocket connection to 'wss://pushstream.tradingview.com/message-pipe-ws/public' failed: WebSocket is closed before the connection is established. @ https://static.tradingview.com/static/bundles/68044.9b993c75068f9daf735e.js:9
[    7333ms] [ERROR] 2026-04-19T01:54:34.270Z:Fetch:GET /api/v1/offers/. TypeError: Failed to fetch @ https://static.tradingview.com/static/bundles/80058.6d3764c8a70528a7f783.js:13
[    7414ms] [WARNING] Deprecation warning: use moment.updateLocale(localeName, config) to change an existing locale. moment.defineLocale(localeName, config) should only be used for creating a new locale See http://momentjs.com/guides/#/warnings/define-locale/ for more info. @ https://static.tradingview.com/static/bundles/81868.e8d7418158aa18f0df0f.js:8
[    7510ms] [WARNING] <meta name="apple-mobile-web-app-capable" content="yes"> is deprecated. Please include <meta name="mobile-web-app-capable" content="yes"> @ https://www.tradingview.com/scripts/page-35/:0
[    8206ms] [WARNING] Deprecation warning: use moment.updateLocale(localeName, config) to change an existing locale. moment.defineLocale(localeName, config) should only be used for creating a new locale See http://momentjs.com/guides/#/warnings/define-locale/ for more info. @ https://static.tradingview.com/static/bundles/81868.e8d7418158aa18f0df0f.js:8
[    8286ms] [WARNING] WebSocket connection to 'wss://pushstream.tradingview.com/message-pipe-ws/public' failed: WebSocket is closed before the connection is established. @ https://static.tradingview.com/static/bundles/68044.9b993c75068f9daf735e.js:9
[    8369ms] [WARNING] Deprecation warning: use moment.updateLocale(localeName, config) to change an existing locale. moment.defineLocale(localeName, config) should only be used for creating a new locale See http://momentjs.com/guides/#/warnings/define-locale/ for more info. @ https://static.tradingview.com/static/bundles/81868.e8d7418158aa18f0df0f.js:8
[    8464ms] [WARNING] <meta name="apple-mobile-web-app-capable" content="yes"> is deprecated. Please include <meta name="mobile-web-app-capable" content="yes"> @ https://www.tradingview.com/scripts/page-36/:0
[    8764ms] [WARNING] WebSocket connection to 'wss://pushstream.tradingview.com/message-pipe-ws/public' failed: WebSocket is closed before the connection is established. @ https://static.tradingview.com/static/bundles/68044.9b993c75068f9daf735e.js:9
[    8927ms] [WARNING] Deprecation warning: use moment.updateLocale(localeName, config) to change an existing locale. moment.defineLocale(localeName, config) should only be used for creating a new locale See http://momentjs.com/guides/#/warnings/define-locale/ for more info. @ https://static.tradingview.com/static/bundles/81868.e8d7418158aa18f0df0f.js:8
[    9004ms] [WARNING] WebSocket connection to 'wss://pushstream.tradingview.com/message-pipe-ws/public' failed: WebSocket is closed before the connection is established. @ https://static.tradingview.com/static/bundles/68044.9b993c75068f9daf735e.js:9
[    9098ms] [WARNING] Deprecation warning: use moment.updateLocale(localeName, config) to change an existing locale. moment.defineLocale(localeName, config) should only be used for creating a new locale See http://momentjs.com/guides/#/warnings/define-locale/ for more info. @ https://static.tradingview.com/static/bundles/81868.e8d7418158aa18f0df0f.js:8
