2026-03-29 11:46:13,750 - UnifiedTradingSystem - INFO - 系统初始化完成 - 版本: 1.0.0
2026-03-29 11:46:41,678 - UnifiedTradingSystem - INFO - 系统初始化完成 - 版本: 1.0.0
2026-03-29 11:46:42,139 - UnifiedTradingSystem - INFO - ============================================================
2026-03-29 11:46:42,139 - UnifiedTradingSystem - INFO - 启动完整量化分析管道
2026-03-29 11:46:42,139 - UnifiedTradingSystem - INFO - ============================================================
2026-03-29 11:46:42,139 - UnifiedTradingSystem - INFO - 
📥 阶段1: 数据获取
2026-03-29 11:46:42,139 - UnifiedTradingSystem - INFO - 启动数据管道: ['TEST001.SZ'] (2026-02-01 至 2026-03-28)
2026-03-29 11:46:42,139 - UnifiedTradingSystem - INFO - 获取数据: TEST001.SZ
2026-03-29 11:46:42,159 - UnifiedTradingSystem - ERROR - 数据管道执行失败: Expected a 1D array, got an array with shape (51, 8)
Traceback (most recent call last):
  File "/opt/homebrew/lib/python3.13/site-packages/pandas/core/indexes/base.py", line 3641, in get_loc
    return self._engine.get_loc(casted_key)
           ~~~~~~~~~~~~~~~~~~~~^^^^^^^^^^^^
  File "pandas/_libs/index.pyx", line 168, in pandas._libs.index.IndexEngine.get_loc
  File "pandas/_libs/index.pyx", line 192, in pandas._libs.index.IndexEngine.get_loc
  File "pandas/_libs/index.pyx", line 235, in pandas._libs.index.IndexEngine._get_loc_duplicates
  File "pandas/_libs/index.pyx", line 243, in pandas._libs.index.IndexEngine._maybe_get_bool_indexer
  File "pandas/_libs/index.pyx", line 135, in pandas._libs.index._unpack_bool_indexer
KeyError: 'volume_ma_5'

The above exception was the direct cause of the following exception:

Traceback (most recent call last):
  File "/opt/homebrew/lib/python3.13/site-packages/pandas/core/frame.py", line 4850, in _set_item_mgr
    loc = self._info_axis.get_loc(key)
  File "/opt/homebrew/lib/python3.13/site-packages/pandas/core/indexes/base.py", line 3648, in get_loc
    raise KeyError(key) from err
KeyError: 'volume_ma_5'

During handling of the above exception, another exception occurred:

Traceback (most recent call last):
  File "/Users/chengming/.openclaw/workspace/quant_integration/phase4_system_integration/main.py", line 245, in run_data_pipeline
    data = data_manager.get_data(
        symbol=symbol,
    ...<3 lines>...
        **kwargs
    )
  File "/Users/chengming/.openclaw/workspace/quant_integration/phase4_system_integration/data/data_manager.py", line 670, in get_data
    processed_data = self.preprocessor.process(raw_data)
  File "/Users/chengming/.openclaw/workspace/quant_integration/phase4_system_integration/data/data_manager.py", line 423, in process
    df_processed = self._add_volume_indicators(df_processed)
  File "/Users/chengming/.openclaw/workspace/quant_integration/phase4_system_integration/data/data_manager.py", line 479, in _add_volume_indicators
    df_processed[f'volume_ma_{window}'] = volume_ma.values if hasattr(volume_ma, 'values') else volume_ma
    ~~~~~~~~~~~~^^^^^^^^^^^^^^^^^^^^^^^
  File "/opt/homebrew/lib/python3.13/site-packages/pandas/core/frame.py", line 4672, in __setitem__
    self._set_item(key, value)
    ~~~~~~~~~~~~~~^^^^^^^^^^^^
  File "/opt/homebrew/lib/python3.13/site-packages/pandas/core/frame.py", line 4886, in _set_item
    self._set_item_mgr(key, value, refs)
    ~~~~~~~~~~~~~~~~~~^^^^^^^^^^^^^^^^^^
  File "/opt/homebrew/lib/python3.13/site-packages/pandas/core/frame.py", line 4853, in _set_item_mgr
    self._mgr.insert(len(self._info_axis), key, value, refs)
    ~~~~~~~~~~~~~~~~^^^^^^^^^^^^^^^^^^^^^^^^^^^^^^^^^^^^^^^^
  File "/opt/homebrew/lib/python3.13/site-packages/pandas/core/internals/managers.py", line 1539, in insert
    raise ValueError(
        f"Expected a 1D array, got an array with shape {value.T.shape}"
    )
ValueError: Expected a 1D array, got an array with shape (51, 8)
2026-03-29 11:46:42,165 - UnifiedTradingSystem - ERROR - 数据获取阶段失败，管道终止
2026-03-29 11:47:15,654 - UnifiedTradingSystem - INFO - 系统初始化完成 - 版本: 1.0.0
2026-03-29 11:47:37,756 - UnifiedTradingSystem - INFO - 系统初始化完成 - 版本: 1.0.0
2026-03-29 11:47:38,243 - UnifiedTradingSystem - INFO - ============================================================
2026-03-29 11:47:38,244 - UnifiedTradingSystem - INFO - 启动完整量化分析管道
2026-03-29 11:47:38,244 - UnifiedTradingSystem - INFO - ============================================================
2026-03-29 11:47:38,244 - UnifiedTradingSystem - INFO - 
📥 阶段1: 数据获取
2026-03-29 11:47:38,244 - UnifiedTradingSystem - INFO - 启动数据管道: ['TEST001.SZ'] (2026-02-06 至 2026-03-28)
2026-03-29 11:47:38,244 - UnifiedTradingSystem - INFO - 获取数据: TEST001.SZ
2026-03-29 11:47:38,245 - UnifiedTradingSystem - INFO - 数据获取成功: TEST001.SZ, 形状: (0, 0)
2026-03-29 11:47:38,245 - UnifiedTradingSystem - INFO - 
🔍 阶段2: 数据分析
2026-03-29 11:47:38,245 - UnifiedTradingSystem - INFO - 启动分析管道
2026-03-29 11:47:38,277 - UnifiedTradingSystem - INFO - 分析数据: TEST001.SZ
2026-03-29 11:47:38,277 - UnifiedTradingSystem - INFO - 分析完成: TEST001.SZ, 信号数: 0
2026-03-29 11:47:38,277 - UnifiedTradingSystem - INFO - 
⚙️ 阶段3: 策略执行
2026-03-29 11:47:38,277 - UnifiedTradingSystem - INFO - 启动策略管道
2026-03-29 11:47:38,278 - UnifiedTradingSystem - INFO - 执行策略: TEST001.SZ
2026-03-29 11:47:38,278 - UnifiedTradingSystem - ERROR - 策略管道执行失败: StrategyExecutionPipeline.execute_pipeline() missing 2 required positional arguments: 'start_date' and 'end_date'
Traceback (most recent call last):
  File "/Users/chengming/.openclaw/workspace/quant_integration/phase4_system_integration/main.py", line 356, in run_strategy_pipeline
    strategy_result = pipeline.execute_pipeline(
        symbols=[symbol],
        strategy_names=strategy_names,
        analysis_data=analysis_data
    )
TypeError: StrategyExecutionPipeline.execute_pipeline() missing 2 required positional arguments: 'start_date' and 'end_date'
2026-03-29 11:47:38,279 - UnifiedTradingSystem - ERROR - 策略执行阶段失败，管道终止
